<?xml version="1.0" encoding="UTF-8"?>
<testsuite xmlns:xsi="http://www.w3.org/2001/XMLSchema-instance" xsi:noNamespaceSchemaLocation="https://maven.apache.org/surefire/maven-surefire-plugin/xsd/surefire-test-report-3.0.xsd" version="3.0" name="org.idvairaz.repository.UserRepositoryTest" time="3.193" tests="6" errors="0" skipped="0" failures="0">
  <properties>
[...]
</properties>
  <testcase name="shouldSaveAndFindUserByUsername" classname="org.idvairaz.repository.UserRepositoryTest" time="0.188">
    <system-out><![CDATA[Тестовый PostgreSQL запущен: jdbc:postgresql://localhost:32850/test_db?loggerLevel=OFF
Тестовые таблицы успешно созданы
Конфигурация базы данных успешно загружена
Пул соединений HikariCP инициализирован
Таблица users очищена перед тестом
]]></system-out>
    <system-err><![CDATA[SLF4J: No SLF4J providers were found.
SLF4J: Defaulting to no-operation (NOP) logger implementation
SLF4J: See http://www.slf4j.org/codes.html#noProviders for further details.
]]></system-err>
  </testcase>
  <testcase name="shouldUpdateUser" classname="org.idvairaz.repository.UserRepositoryTest" time="0.009">
    <system-out><![CDATA[Таблица users очищена перед тестом
]]></system-out>
  </testcase>
  <testcase name="shouldGenerateUniqueIdsForUsers" classname="org.idvairaz.repository.UserRepositoryTest" time="0.008">
    <system-out><![CDATA[Таблица users очищена перед тестом
]]></system-out>
  </testcase>
  <testcase name="shouldFindAllUsers" classname="org.idvairaz.repository.UserRepositoryTest" time="0.02">
    <system-out><![CDATA[Таблица users очищена перед тестом
]]></system-out>
  </testcase>
  <testcase name="shouldDeleteUser" classname="org.idvairaz.repository.UserRepositoryTest" time="0.012">
    <system-out><![CDATA[Таблица users очищена перед тестом
Создан пользователь: deleteme (ID: 108)
Пользователь deleteme удален
]]></system-out>
  </testcase>
  <testcase name="shouldCheckIfUserExists" classname="org.idvairaz.repository.UserRepositoryTest" time="0.006">
    <system-out><![CDATA[Таблица users очищена перед тестом
]]></system-out>
  </testcase>
</testsuite>